<?xml version="1.0" encoding="UTF-8"?>
<!-- Generated by org.testng.reporters.JUnitXMLReporter -->
<testsuite ignored="0" hostname="DESKTOP-R4U4K06" failures="1" tests="1" name="Test" time="19.297" errors="0" timestamp="2020-01-29T15:22:34 IST">
  <testcase classname="PackageLearnMaven.ProjectMavenDemo.BaseTest" name="browserlaunch" time="19.24">
    <failure type="org.openqa.selenium.SessionNotCreatedException" message="session not created
from chrome not reachable
  (Session info: chrome=79.0.3945.130)
Build info: version: &amp;apos;4.0.0-alpha-4&amp;apos;, revision: &amp;apos;c2d955b49e&amp;apos;
System info: host: &amp;apos;DESKTOP-R4U4K06&amp;apos;, ip: &amp;apos;172.16.3.21&amp;apos;, os.name: &amp;apos;Windows 10&amp;apos;, os.arch: &amp;apos;amd64&amp;apos;, os.version: &amp;apos;10.0&amp;apos;, java.version: &amp;apos;12.0.2&amp;apos;
Driver info: driver.version: ChromeDriver
remote stacktrace: Backtrace:
	Ordinal0 [0x0049A113+1548563]
	Ordinal0 [0x0041DDA1+1039777]
	Ordinal0 [0x0039E32E+516910]
	Ordinal0 [0x00398012+491538]
	Ordinal0 [0x003986EB+493291]
	Ordinal0 [0x00399855+497749]
	Ordinal0 [0x00395885+481413]
	Ordinal0 [0x0039F0D0+520400]
	Ordinal0 [0x0034C030+180272]
	Ordinal0 [0x0034B59D+177565]
	Ordinal0 [0x003495FB+169467]
	Ordinal0 [0x0033160A+71178]
	Ordinal0 [0x00332690+75408]
	Ordinal0 [0x00332629+75305]
	Ordinal0 [0x004371B7+1143223]
	GetHandleVerifier [0x00532B46+507814]
	GetHandleVerifier [0x00532864+507076]
	GetHandleVerifier [0x00539F47+537511]
	GetHandleVerifier [0x00533402+510050]
	Ordinal0 [0x0042F29C+1110684]
	Ordinal0 [0x0043938B+1151883]
	Ordinal0 [0x004394F3+1152243]
	Ordinal0 [0x004383F5+1147893]
	BaseThreadInitThunk [0x77126359+25]
	RtlGetAppContainerNamedObjectPath [0x777A7B74+228]
	RtlGetAppContainerNamedObjectPath [0x777A7B44+180]
">
      <![CDATA[org.openqa.selenium.SessionNotCreatedException: session not created
from chrome not reachable
  (Session info: chrome=79.0.3945.130)
Build info: version: '4.0.0-alpha-4', revision: 'c2d955b49e'
System info: host: 'DESKTOP-R4U4K06', ip: '172.16.3.21', os.name: 'Windows 10', os.arch: 'amd64', os.version: '10.0', java.version: '12.0.2'
Driver info: driver.version: ChromeDriver
remote stacktrace: Backtrace:
Ordinal0 [0x0049A113+1548563]
Ordinal0 [0x0041DDA1+1039777]
Ordinal0 [0x0039E32E+516910]
Ordinal0 [0x00398012+491538]
Ordinal0 [0x003986EB+493291]
Ordinal0 [0x00399855+497749]
Ordinal0 [0x00395885+481413]
Ordinal0 [0x0039F0D0+520400]
Ordinal0 [0x0034C030+180272]
Ordinal0 [0x0034B59D+177565]
Ordinal0 [0x003495FB+169467]
Ordinal0 [0x0033160A+71178]
Ordinal0 [0x00332690+75408]
Ordinal0 [0x00332629+75305]
Ordinal0 [0x004371B7+1143223]
GetHandleVerifier [0x00532B46+507814]
GetHandleVerifier [0x00532864+507076]
GetHandleVerifier [0x00539F47+537511]
GetHandleVerifier [0x00533402+510050]
Ordinal0 [0x0042F29C+1110684]
Ordinal0 [0x0043938B+1151883]
Ordinal0 [0x004394F3+1152243]
Ordinal0 [0x004383F5+1147893]
BaseThreadInitThunk [0x77126359+25]
RtlGetAppContainerNamedObjectPath [0x777A7B74+228]
RtlGetAppContainerNamedObjectPath [0x777A7B44+180]

at org.openqa.selenium.remote.W3CHandshakeResponse.lambda$errorHandler$0(W3CHandshakeResponse.java:62)
at org.openqa.selenium.remote.HandshakeResponse.lambda$getResponseFunction$0(HandshakeResponse.java:30)
at org.openqa.selenium.remote.ProtocolHandshake.lambda$createSession$1(ProtocolHandshake.java:126)
at java.base/java.util.stream.ReferencePipeline$3$1.accept(ReferencePipeline.java:195)
at java.base/java.util.Spliterators$ArraySpliterator.tryAdvance(Spliterators.java:958)
at java.base/java.util.stream.ReferencePipeline.forEachWithCancel(ReferencePipeline.java:127)
at java.base/java.util.stream.AbstractPipeline.copyIntoWithCancel(AbstractPipeline.java:502)
at java.base/java.util.stream.AbstractPipeline.copyInto(AbstractPipeline.java:488)
at java.base/java.util.stream.AbstractPipeline.wrapAndCopyInto(AbstractPipeline.java:474)
at java.base/java.util.stream.FindOps$FindOp.evaluateSequential(FindOps.java:150)
at java.base/java.util.stream.AbstractPipeline.evaluate(AbstractPipeline.java:234)
at java.base/java.util.stream.ReferencePipeline.findFirst(ReferencePipeline.java:543)
at org.openqa.selenium.remote.ProtocolHandshake.createSession(ProtocolHandshake.java:128)
at org.openqa.selenium.remote.ProtocolHandshake.createSession(ProtocolHandshake.java:75)
at org.openqa.selenium.remote.HttpCommandExecutor.execute(HttpCommandExecutor.java:139)
at org.openqa.selenium.remote.service.DriverCommandExecutor.execute(DriverCommandExecutor.java:83)
at org.openqa.selenium.remote.RemoteWebDriver.execute(RemoteWebDriver.java:582)
at org.openqa.selenium.remote.RemoteWebDriver.startSession(RemoteWebDriver.java:216)
at org.openqa.selenium.remote.RemoteWebDriver.<init>(RemoteWebDriver.java:136)
at org.openqa.selenium.chromium.ChromiumDriver.<init>(ChromiumDriver.java:75)
at org.openqa.selenium.chrome.ChromeDriver.<init>(ChromeDriver.java:163)
at org.openqa.selenium.chrome.ChromeDriver.<init>(ChromeDriver.java:150)
at org.openqa.selenium.chrome.ChromeDriver.<init>(ChromeDriver.java:105)
at PackageLearnMaven.ProjectMavenDemo.BaseTest.browserlaunch(BaseTest.java:15)
at java.base/java.util.ArrayList.forEach(ArrayList.java:1540)
... Removed 32 stack frames]]>
    </failure>
  </testcase> <!-- browserlaunch -->
</testsuite> <!-- Test -->
